2025-09-10 19:50:56 [ERROR]: ❌ Failed to connect to database. Exiting...
2025-09-10 22:51:49 [ERROR]: Uncaught Exception: listen EADDRINUSE: address already in use :::5000
Error: listen EADDRINUSE: address already in use :::5000
    at Server.setupListenHandle [as _listen2] (node:net:1937:16)
    at listenInCluster (node:net:1994:12)
    at Server.listen (node:net:2099:7)
    at Function.listen (C:\Users\Ajit Kumar Behera\Desktop\Project React\node\node_modules\express\lib\application.js:635:24)
    at startServer (C:\Users\Ajit Kumar Behera\Desktop\Project React\node\app.js:91:13)
    at process.processTicksAndRejections (node:internal/process/task_queues:105:5)
2025-09-10 23:24:42 [ERROR]: Uncaught Exception: listen EADDRINUSE: address already in use :::5000
Error: listen EADDRINUSE: address already in use :::5000
    at Server.setupListenHandle [as _listen2] (node:net:1937:16)
    at listenInCluster (node:net:1994:12)
    at Server.listen (node:net:2099:7)
    at Function.listen (C:\Users\Ajit Kumar Behera\Desktop\Project React\node\node_modules\express\lib\application.js:635:24)
    at startServer (C:\Users\Ajit Kumar Behera\Desktop\Project React\node\app.js:95:13)
    at process.processTicksAndRejections (node:internal/process/task_queues:105:5)
2025-09-10 23:25:25 [ERROR]: Uncaught Exception: listen EADDRINUSE: address already in use :::5000
Error: listen EADDRINUSE: address already in use :::5000
    at Server.setupListenHandle [as _listen2] (node:net:1937:16)
    at listenInCluster (node:net:1994:12)
    at Server.listen (node:net:2099:7)
    at Function.listen (C:\Users\Ajit Kumar Behera\Desktop\Project React\node\node_modules\express\lib\application.js:635:24)
    at startServer (C:\Users\Ajit Kumar Behera\Desktop\Project React\node\app.js:95:13)
    at process.processTicksAndRejections (node:internal/process/task_queues:105:5)
2025-09-10 23:25:44 [ERROR]: Uncaught Exception: listen EADDRINUSE: address already in use :::5000
Error: listen EADDRINUSE: address already in use :::5000
    at Server.setupListenHandle [as _listen2] (node:net:1937:16)
    at listenInCluster (node:net:1994:12)
    at Server.listen (node:net:2099:7)
    at Function.listen (C:\Users\Ajit Kumar Behera\Desktop\Project React\node\node_modules\express\lib\application.js:635:24)
    at startServer (C:\Users\Ajit Kumar Behera\Desktop\Project React\node\app.js:95:13)
    at process.processTicksAndRejections (node:internal/process/task_queues:105:5)
2025-09-11 09:09:51 [ERROR]: ❌ Failed to connect to database. Exiting...
